[14-Oct-2023 01:10:13 - INFO] "External StaticResourceHandler configured with folder = download" (spark.staticfiles.StaticFilesConfiguration:175)
[14-Oct-2023 01:10:13 - INFO] "Logging initialized @903ms to org.eclipse.jetty.util.log.Slf4jLog" (org.eclipse.jetty.util.log.Log:169)
[14-Oct-2023 01:10:13 - INFO] "== Spark has ignited ..." (spark.embeddedserver.jetty.EmbeddedJettyServer:142)
[14-Oct-2023 01:10:13 - INFO] ">> Listening on 0.0.0.0:9500" (spark.embeddedserver.jetty.EmbeddedJettyServer:146)
[14-Oct-2023 01:10:13 - INFO] "jetty-9.4.31.v20200723; built: 2020-07-23T17:57:36.812Z; git: 450ba27947e13e66baa8cd1ce7e85a4461cacc1d; jvm 1.8.0_292-b10" (org.eclipse.jetty.server.Server:360)
[14-Oct-2023 01:10:13 - INFO] "DefaultSessionIdManager workerName=node0" (org.eclipse.jetty.server.session.DefaultSessionIdManager:334)
[14-Oct-2023 01:10:13 - INFO] "No SessionScavenger set, using defaults" (org.eclipse.jetty.server.session.DefaultSessionIdManager:339)
[14-Oct-2023 01:10:13 - INFO] "node0 Scavenging every 600000ms" (org.eclipse.jetty.server.session.HouseKeeper:140)
[14-Oct-2023 01:10:13 - ERROR] "ignite failed" (spark.Service:94)
java.io.IOException: Failed to bind to /0.0.0.0:9500
	at org.eclipse.jetty.server.ServerConnector.openAcceptChannel(ServerConnector.java:349)
	at org.eclipse.jetty.server.ServerConnector.open(ServerConnector.java:310)
	at org.eclipse.jetty.server.AbstractNetworkConnector.doStart(AbstractNetworkConnector.java:80)
	at org.eclipse.jetty.server.ServerConnector.doStart(ServerConnector.java:234)
	at org.eclipse.jetty.util.component.AbstractLifeCycle.start(AbstractLifeCycle.java:72)
	at org.eclipse.jetty.server.Server.doStart(Server.java:386)
	at org.eclipse.jetty.util.component.AbstractLifeCycle.start(AbstractLifeCycle.java:72)
	at spark.embeddedserver.jetty.EmbeddedJettyServer.ignite(EmbeddedJettyServer.java:149)
	at spark.Service.lambda$init$2(Service.java:632)
	at java.lang.Thread.run(Thread.java:748)
Caused by: java.net.BindException: Address already in use
	at sun.nio.ch.Net.bind0(Native Method)
	at sun.nio.ch.Net.bind(Net.java:461)
	at sun.nio.ch.Net.bind(Net.java:453)
	at sun.nio.ch.ServerSocketChannelImpl.bind(ServerSocketChannelImpl.java:222)
	at sun.nio.ch.ServerSocketAdaptor.bind(ServerSocketAdaptor.java:85)
	at org.eclipse.jetty.server.ServerConnector.openAcceptChannel(ServerConnector.java:345)
	... 9 more
[14-Oct-2023 01:10:26 - INFO] "External StaticResourceHandler configured with folder = download" (spark.staticfiles.StaticFilesConfiguration:175)
[14-Oct-2023 01:10:26 - INFO] "Logging initialized @481ms to org.eclipse.jetty.util.log.Slf4jLog" (org.eclipse.jetty.util.log.Log:169)
[14-Oct-2023 01:10:26 - INFO] "== Spark has ignited ..." (spark.embeddedserver.jetty.EmbeddedJettyServer:142)
[14-Oct-2023 01:10:26 - INFO] ">> Listening on 0.0.0.0:9500" (spark.embeddedserver.jetty.EmbeddedJettyServer:146)
[14-Oct-2023 01:10:26 - INFO] "jetty-9.4.31.v20200723; built: 2020-07-23T17:57:36.812Z; git: 450ba27947e13e66baa8cd1ce7e85a4461cacc1d; jvm 1.8.0_292-b10" (org.eclipse.jetty.server.Server:360)
[14-Oct-2023 01:10:26 - INFO] "DefaultSessionIdManager workerName=node0" (org.eclipse.jetty.server.session.DefaultSessionIdManager:334)
[14-Oct-2023 01:10:26 - INFO] "No SessionScavenger set, using defaults" (org.eclipse.jetty.server.session.DefaultSessionIdManager:339)
[14-Oct-2023 01:10:26 - INFO] "node0 Scavenging every 660000ms" (org.eclipse.jetty.server.session.HouseKeeper:140)
[14-Oct-2023 01:10:26 - INFO] "Started ServerConnector@74a1954a{HTTP/1.1, (http/1.1)}{0.0.0.0:9500}" (org.eclipse.jetty.server.AbstractConnector:331)
[14-Oct-2023 01:10:26 - INFO] "Started @542ms" (org.eclipse.jetty.server.Server:400)
